GROUP,PACKAGE,CLASS,INSTRUCTION_MISSED,INSTRUCTION_COVERED,BRANCH_MISSED,BRANCH_COVERED,LINE_MISSED,LINE_COVERED,COMPLEXITY_MISSED,COMPLEXITY_COVERED,METHOD_MISSED,METHOD_COVERED
mahmoud-ataei-assignment02,com.nackademin.mahmoud_ataei_assignment02.classes,AdvancedCalculator,0,20,0,0,0,6,0,6,0,6
mahmoud-ataei-assignment02,com.nackademin.mahmoud_ataei_assignment02.classes,BasicCalculator,0,19,0,0,0,5,0,5,0,5
mahmoud-ataei-assignment02,com.nackademin.mahmoud_ataei_assignment02.classes,Main,113,0,0,0,15,0,2,0,2,0
