<?xml version="1.0" encoding="UTF-8"?>
<!-- Generated by org.testng.reporters.JUnitXMLReporter -->
<testsuite hostname="maat-VirtualBox" name="Surefire test" tests="22" failures="0" timestamp="11 Apr 2020 01:05:28 GMT" time="8.85" errors="0">
  <testcase name="testAdditionPositive on testAdditionPositive(com.nackademin.mahmoud_ataei_assignment02.BasicalculatorTest)" time="0.049" classname="com.nackademin.mahmoud_ataei_assignment02.BasicalculatorTest"/>
  <testcase name="testAdditionNegative on testAdditionNegative(com.nackademin.mahmoud_ataei_assignment02.BasicalculatorTest)" time="0.057" classname="com.nackademin.mahmoud_ataei_assignment02.BasicalculatorTest"/>
  <testcase name="testMultiplikationPositive on testMultiplikationPositive(com.nackademin.mahmoud_ataei_assignment02.BasicalculatorTest)" time="0.066" classname="com.nackademin.mahmoud_ataei_assignment02.BasicalculatorTest"/>
  <testcase name="testMultiplikationNegative on testMultiplikationNegative(com.nackademin.mahmoud_ataei_assignment02.BasicalculatorTest)" time="0.042" classname="com.nackademin.mahmoud_ataei_assignment02.BasicalculatorTest"/>
  <testcase name="testSubtractionZero on testSubtractionZero(com.nackademin.mahmoud_ataei_assignment02.BasicalculatorTest)" time="0.012" classname="com.nackademin.mahmoud_ataei_assignment02.BasicalculatorTest"/>
  <testcase name="testAdditionZero on testAdditionZero(com.nackademin.mahmoud_ataei_assignment02.BasicalculatorTest)" time="0.011" classname="com.nackademin.mahmoud_ataei_assignment02.BasicalculatorTest"/>
  <testcase name="testSubtractionPositive on testSubtractionPositive(com.nackademin.mahmoud_ataei_assignment02.BasicalculatorTest)" time="0.051" classname="com.nackademin.mahmoud_ataei_assignment02.BasicalculatorTest"/>
  <testcase name="testMultiplikationZero on testMultiplikationZero(com.nackademin.mahmoud_ataei_assignment02.BasicalculatorTest)" time="0.002" classname="com.nackademin.mahmoud_ataei_assignment02.BasicalculatorTest"/>
  <testcase name="testSubtractionNegative on testSubtractionNegative(com.nackademin.mahmoud_ataei_assignment02.BasicalculatorTest)" time="0.055" classname="com.nackademin.mahmoud_ataei_assignment02.BasicalculatorTest"/>
  <testcase name="testDivisionnPositive on testDivisionnPositive(com.nackademin.mahmoud_ataei_assignment02.BasicalculatorTest)" time="0.028" classname="com.nackademin.mahmoud_ataei_assignment02.BasicalculatorTest"/>
  <testcase name="testDivisionnNegative on testDivisionnNegative(com.nackademin.mahmoud_ataei_assignment02.BasicalculatorTest)" time="1.422" classname="com.nackademin.mahmoud_ataei_assignment02.BasicalculatorTest"/>
  <testcase name="testAbsluteValuePositive on testAbsluteValuePositive(com.nackademin.mahmoud_ataei_assignment02.AdvancedCalculatorTest)" time="0.004" classname="com.nackademin.mahmoud_ataei_assignment02.AdvancedCalculatorTest"/>
  <testcase name="testAbsluteValueNegative on testAbsluteValueNegative(com.nackademin.mahmoud_ataei_assignment02.AdvancedCalculatorTest)" time="0.004" classname="com.nackademin.mahmoud_ataei_assignment02.AdvancedCalculatorTest"/>
  <testcase name="testSquareRootZero on testSquareRootZero(com.nackademin.mahmoud_ataei_assignment02.AdvancedCalculatorTest)" time="0.0" classname="com.nackademin.mahmoud_ataei_assignment02.AdvancedCalculatorTest"/>
  <testcase name="testSquareRootPositive on testSquareRootPositive(com.nackademin.mahmoud_ataei_assignment02.AdvancedCalculatorTest)" time="0.002" classname="com.nackademin.mahmoud_ataei_assignment02.AdvancedCalculatorTest"/>
  <testcase name="testLog on testLog(com.nackademin.mahmoud_ataei_assignment02.AdvancedCalculatorTest)" time="0.0" classname="com.nackademin.mahmoud_ataei_assignment02.AdvancedCalculatorTest"/>
  <testcase name="testSquarePositive on testSquarePositive(com.nackademin.mahmoud_ataei_assignment02.AdvancedCalculatorTest)" time="6.754" classname="com.nackademin.mahmoud_ataei_assignment02.AdvancedCalculatorTest"/>
  <testcase name="testSquareNegative on testSquareNegative(com.nackademin.mahmoud_ataei_assignment02.AdvancedCalculatorTest)" time="0.006" classname="com.nackademin.mahmoud_ataei_assignment02.AdvancedCalculatorTest"/>
  <testcase name="TestRaisedToThePowerOfPositive on TestRaisedToThePowerOfPositive(com.nackademin.mahmoud_ataei_assignment02.AdvancedCalculatorTest)" time="0.004" classname="com.nackademin.mahmoud_ataei_assignment02.AdvancedCalculatorTest"/>
  <testcase name="testAbsluteValueZero on testAbsluteValueZero(com.nackademin.mahmoud_ataei_assignment02.AdvancedCalculatorTest)" time="0.0" classname="com.nackademin.mahmoud_ataei_assignment02.AdvancedCalculatorTest"/>
  <testcase name="TestRaisedToThePowerOfNegative on TestRaisedToThePowerOfNegative(com.nackademin.mahmoud_ataei_assignment02.AdvancedCalculatorTest)" time="0.003" classname="com.nackademin.mahmoud_ataei_assignment02.AdvancedCalculatorTest"/>
  <testcase name="testLogPositive on testLogPositive(com.nackademin.mahmoud_ataei_assignment02.AdvancedCalculatorTest)" time="0.005" classname="com.nackademin.mahmoud_ataei_assignment02.AdvancedCalculatorTest"/>
</testsuite> <!-- Surefire test -->
